/home/Student/s4721964/miniconda3/envs/torch/lib/python3.12/site-packages/torch/utils/data/dataloader.py:557: UserWarning: This DataLoader will create 2 worker processes in total. Our suggested max number of worker in current system is 1, which is smaller than what this DataLoader is going to create. Please be aware that excessive worker creation might get DataLoader running slow or even freeze, lower the worker number to avoid potential slowness/freeze if necessary.
  warnings.warn(_create_warning_msg(
Generator(
  (main): Sequential(
    (0): ConvTranspose2d(100, 128, kernel_size=(4, 4), stride=(1, 1), bias=False)
    (1): BatchNorm2d(128, eps=1e-05, momentum=0.1, affine=True, track_running_stats=True)
    (2): ReLU(inplace=True)
    (3): ConvTranspose2d(128, 64, kernel_size=(4, 4), stride=(2, 2), padding=(1, 1), bias=False)
    (4): BatchNorm2d(64, eps=1e-05, momentum=0.1, affine=True, track_running_stats=True)
    (5): ReLU(inplace=True)
    (6): ConvTranspose2d(64, 32, kernel_size=(4, 4), stride=(2, 2), padding=(1, 1), bias=False)
    (7): BatchNorm2d(32, eps=1e-05, momentum=0.1, affine=True, track_running_stats=True)
    (8): ReLU(inplace=True)
    (9): ConvTranspose2d(32, 16, kernel_size=(4, 4), stride=(2, 2), padding=(1, 1), bias=False)
    (10): BatchNorm2d(16, eps=1e-05, momentum=0.1, affine=True, track_running_stats=True)
    (11): ReLU(inplace=True)
    (12): ConvTranspose2d(16, 3, kernel_size=(4, 4), stride=(2, 2), padding=(1, 1), bias=False)
    (13): Tanh()
  )
)
Discriminator(
  (main): Sequential(
    (0): Conv2d(3, 16, kernel_size=(4, 4), stride=(2, 2), padding=(1, 1), bias=False)
    (1): LeakyReLU(negative_slope=0.2, inplace=True)
    (2): Conv2d(16, 32, kernel_size=(4, 4), stride=(2, 2), padding=(1, 1), bias=False)
    (3): BatchNorm2d(32, eps=1e-05, momentum=0.1, affine=True, track_running_stats=True)
    (4): LeakyReLU(negative_slope=0.2, inplace=True)
    (5): Conv2d(32, 64, kernel_size=(4, 4), stride=(2, 2), padding=(1, 1), bias=False)
    (6): BatchNorm2d(64, eps=1e-05, momentum=0.1, affine=True, track_running_stats=True)
    (7): LeakyReLU(negative_slope=0.2, inplace=True)
    (8): Conv2d(64, 128, kernel_size=(4, 4), stride=(2, 2), padding=(1, 1), bias=False)
    (9): BatchNorm2d(128, eps=1e-05, momentum=0.1, affine=True, track_running_stats=True)
    (10): LeakyReLU(negative_slope=0.2, inplace=True)
    (11): Conv2d(128, 1, kernel_size=(4, 4), stride=(1, 1), bias=False)
    (12): Sigmoid()
  )
)
Starting Training Loop...
[0/100][0/177]	Loss_D: 1.6385	Loss_G: 0.8542	D(x): 0.4466	D(G(z)): 0.5350 / 0.4472
[0/100][50/177]	Loss_D: 0.0791	Loss_G: 4.3541	D(x): 0.9793	D(G(z)): 0.0558 / 0.0152
[0/100][100/177]	Loss_D: 0.0269	Loss_G: 5.2085	D(x): 0.9898	D(G(z)): 0.0163 / 0.0060
[0/100][150/177]	Loss_D: 0.0161	Loss_G: 5.6251	D(x): 0.9962	D(G(z)): 0.0122 / 0.0039
[1/100][0/177]	Loss_D: 0.0158	Loss_G: 5.6622	D(x): 0.9940	D(G(z)): 0.0097 / 0.0037
[1/100][50/177]	Loss_D: 0.0108	Loss_G: 6.0633	D(x): 0.9974	D(G(z)): 0.0081 / 0.0024
[1/100][100/177]	Loss_D: 0.0058	Loss_G: 6.3948	D(x): 0.9975	D(G(z)): 0.0033 / 0.0017
[1/100][150/177]	Loss_D: 0.0043	Loss_G: 6.5554	D(x): 0.9983	D(G(z)): 0.0025 / 0.0015
[2/100][0/177]	Loss_D: 0.0044	Loss_G: 6.4128	D(x): 0.9985	D(G(z)): 0.0029 / 0.0017
[2/100][50/177]	Loss_D: 0.0035	Loss_G: 6.5624	D(x): 0.9990	D(G(z)): 0.0025 / 0.0014
[2/100][100/177]	Loss_D: 0.0028	Loss_G: 6.8047	D(x): 0.9990	D(G(z)): 0.0018 / 0.0012
[2/100][150/177]	Loss_D: 0.0023	Loss_G: 6.9354	D(x): 0.9991	D(G(z)): 0.0015 / 0.0010
[3/100][0/177]	Loss_D: 0.0023	Loss_G: 6.8990	D(x): 0.9992	D(G(z)): 0.0015 / 0.0010
[3/100][50/177]	Loss_D: 0.0019	Loss_G: 6.9494	D(x): 0.9995	D(G(z)): 0.0014 / 0.0010
[3/100][100/177]	Loss_D: 0.0014	Loss_G: 7.3345	D(x): 0.9995	D(G(z)): 0.0009 / 0.0007
[3/100][150/177]	Loss_D: 0.0012	Loss_G: 7.4797	D(x): 0.9996	D(G(z)): 0.0008 / 0.0006
[4/100][0/177]	Loss_D: 0.0010	Loss_G: 7.6214	D(x): 0.9996	D(G(z)): 0.0006 / 0.0005
[4/100][50/177]	Loss_D: 0.0008	Loss_G: 7.7269	D(x): 0.9997	D(G(z)): 0.0006 / 0.0005
[4/100][100/177]	Loss_D: 0.0009	Loss_G: 7.7527	D(x): 0.9997	D(G(z)): 0.0006 / 0.0004
[4/100][150/177]	Loss_D: 0.0008	Loss_G: 7.8375	D(x): 0.9997	D(G(z)): 0.0005 / 0.0004
[5/100][0/177]	Loss_D: 0.0010	Loss_G: 7.8151	D(x): 0.9996	D(G(z)): 0.0006 / 0.0004
[5/100][50/177]	Loss_D: 0.1306	Loss_G: 4.0099	D(x): 0.9330	D(G(z)): 0.0588 / 0.0197
[5/100][100/177]	Loss_D: 0.1330	Loss_G: 4.6487	D(x): 0.9373	D(G(z)): 0.0646 / 0.0100
[5/100][150/177]	Loss_D: 0.1382	Loss_G: 3.7834	D(x): 0.9571	D(G(z)): 0.0889 / 0.0235
[6/100][0/177]	Loss_D: 0.1629	Loss_G: 5.1391	D(x): 0.9537	D(G(z)): 0.0998 / 0.0072
[6/100][50/177]	Loss_D: 0.3508	Loss_G: 4.9106	D(x): 0.9686	D(G(z)): 0.2662 / 0.0097
[6/100][100/177]	Loss_D: 0.1732	Loss_G: 3.4722	D(x): 0.8912	D(G(z)): 0.0434 / 0.0406
[6/100][150/177]	Loss_D: 0.3430	Loss_G: 2.5329	D(x): 0.7811	D(G(z)): 0.0676 / 0.0903
[7/100][0/177]	Loss_D: 0.2647	Loss_G: 3.0554	D(x): 0.8808	D(G(z)): 0.1069 / 0.0578
[7/100][50/177]	Loss_D: 0.3595	Loss_G: 3.1995	D(x): 0.9199	D(G(z)): 0.2295 / 0.0476
[7/100][100/177]	Loss_D: 0.3556	Loss_G: 2.8942	D(x): 0.8583	D(G(z)): 0.1498 / 0.0677
[7/100][150/177]	Loss_D: 0.3552	Loss_G: 3.3607	D(x): 0.9174	D(G(z)): 0.2253 / 0.0430
[8/100][0/177]	Loss_D: 0.3393	Loss_G: 3.2017	D(x): 0.7851	D(G(z)): 0.0706 / 0.0481
[8/100][50/177]	Loss_D: 0.4008	Loss_G: 2.6501	D(x): 0.7786	D(G(z)): 0.1159 / 0.0871
[8/100][100/177]	Loss_D: 0.9060	Loss_G: 4.3610	D(x): 0.9612	D(G(z)): 0.4938 / 0.0263
[8/100][150/177]	Loss_D: 0.4553	Loss_G: 2.7555	D(x): 0.7904	D(G(z)): 0.1582 / 0.0714
[9/100][0/177]	Loss_D: 0.4776	Loss_G: 3.1525	D(x): 0.9407	D(G(z)): 0.3266 / 0.0518
[9/100][50/177]	Loss_D: 0.5408	Loss_G: 4.4612	D(x): 0.8901	D(G(z)): 0.3312 / 0.0128
[9/100][100/177]	Loss_D: 0.7744	Loss_G: 1.4412	D(x): 0.5208	D(G(z)): 0.0224 / 0.2836
[9/100][150/177]	Loss_D: 0.4026	Loss_G: 2.4268	D(x): 0.7483	D(G(z)): 0.0657 / 0.1027
[10/100][0/177]	Loss_D: 0.3187	Loss_G: 2.9542	D(x): 0.8432	D(G(z)): 0.1203 / 0.0631
[10/100][50/177]	Loss_D: 0.3919	Loss_G: 3.5471	D(x): 0.8915	D(G(z)): 0.2293 / 0.0325
[10/100][100/177]	Loss_D: 0.3791	Loss_G: 3.5319	D(x): 0.8991	D(G(z)): 0.2291 / 0.0322
[10/100][150/177]	Loss_D: 0.3286	Loss_G: 2.2309	D(x): 0.8185	D(G(z)): 0.1051 / 0.1224
[11/100][0/177]	Loss_D: 0.3456	Loss_G: 2.1773	D(x): 0.7907	D(G(z)): 0.0608 / 0.1430
[11/100][50/177]	Loss_D: 0.9216	Loss_G: 5.6226	D(x): 0.9740	D(G(z)): 0.5805 / 0.0072
[11/100][100/177]	Loss_D: 0.2586	Loss_G: 3.5788	D(x): 0.9172	D(G(z)): 0.1513 / 0.0302
[11/100][150/177]	Loss_D: 0.3968	Loss_G: 3.0804	D(x): 0.8242	D(G(z)): 0.1562 / 0.0510
[12/100][0/177]	Loss_D: 0.2280	Loss_G: 4.0821	D(x): 0.9140	D(G(z)): 0.1077 / 0.0195
[12/100][50/177]	Loss_D: 0.8584	Loss_G: 0.8858	D(x): 0.5035	D(G(z)): 0.0268 / 0.4373
[12/100][100/177]	Loss_D: 0.4507	Loss_G: 2.4983	D(x): 0.8568	D(G(z)): 0.2312 / 0.0923
[12/100][150/177]	Loss_D: 0.4456	Loss_G: 2.5124	D(x): 0.8049	D(G(z)): 0.1610 / 0.0878
[13/100][0/177]	Loss_D: 0.4444	Loss_G: 1.9305	D(x): 0.7449	D(G(z)): 0.1118 / 0.1535
[13/100][50/177]	Loss_D: 0.8446	Loss_G: 1.9063	D(x): 0.5506	D(G(z)): 0.0588 / 0.1759
[13/100][100/177]	Loss_D: 0.5333	Loss_G: 1.7559	D(x): 0.6889	D(G(z)): 0.0937 / 0.1801
[13/100][150/177]	Loss_D: 0.8235	Loss_G: 5.1121	D(x): 0.8762	D(G(z)): 0.4823 / 0.0087
[14/100][0/177]	Loss_D: 1.4993	Loss_G: 3.2745	D(x): 0.9692	D(G(z)): 0.7518 / 0.0427
[14/100][50/177]	Loss_D: 1.0516	Loss_G: 1.6447	D(x): 0.4378	D(G(z)): 0.0337 / 0.2150
[14/100][100/177]	Loss_D: 0.7026	Loss_G: 3.4395	D(x): 0.8578	D(G(z)): 0.4086 / 0.0349
[14/100][150/177]	Loss_D: 0.7865	Loss_G: 3.1133	D(x): 0.8783	D(G(z)): 0.4598 / 0.0501
[15/100][0/177]	Loss_D: 0.8405	Loss_G: 3.4192	D(x): 0.9476	D(G(z)): 0.5278 / 0.0365
[15/100][50/177]	Loss_D: 0.8235	Loss_G: 1.7852	D(x): 0.5289	D(G(z)): 0.0666 / 0.2879
[15/100][100/177]	Loss_D: 0.5814	Loss_G: 1.9374	D(x): 0.7205	D(G(z)): 0.1872 / 0.1555
[15/100][150/177]	Loss_D: 1.4031	Loss_G: 3.7465	D(x): 0.9227	D(G(z)): 0.7100 / 0.0283
[16/100][0/177]	Loss_D: 0.7675	Loss_G: 2.2910	D(x): 0.7455	D(G(z)): 0.3391 / 0.1078
[16/100][50/177]	Loss_D: 0.4572	Loss_G: 2.4641	D(x): 0.8131	D(G(z)): 0.2033 / 0.0953
[16/100][100/177]	Loss_D: 0.7334	Loss_G: 2.5133	D(x): 0.7939	D(G(z)): 0.3736 / 0.0914
[16/100][150/177]	Loss_D: 0.7292	Loss_G: 2.1358	D(x): 0.6873	D(G(z)): 0.2479 / 0.1295
[17/100][0/177]	Loss_D: 0.6064	Loss_G: 2.0332	D(x): 0.7569	D(G(z)): 0.2404 / 0.1418
[17/100][50/177]	Loss_D: 0.7512	Loss_G: 3.1702	D(x): 0.8452	D(G(z)): 0.4060 / 0.0463
[17/100][100/177]	Loss_D: 0.6803	Loss_G: 2.7505	D(x): 0.8135	D(G(z)): 0.3575 / 0.0696
[17/100][150/177]	Loss_D: 0.5404	Loss_G: 2.4926	D(x): 0.6992	D(G(z)): 0.1210 / 0.0937
[18/100][0/177]	Loss_D: 0.6275	Loss_G: 1.9085	D(x): 0.6517	D(G(z)): 0.1131 / 0.1786
[18/100][50/177]	Loss_D: 0.7343	Loss_G: 1.4579	D(x): 0.6286	D(G(z)): 0.1642 / 0.2486
[18/100][100/177]	Loss_D: 0.6939	Loss_G: 3.1074	D(x): 0.8269	D(G(z)): 0.3824 / 0.0522
[18/100][150/177]	Loss_D: 0.6453	Loss_G: 3.1918	D(x): 0.7965	D(G(z)): 0.3197 / 0.0468
[19/100][0/177]	Loss_D: 0.6057	Loss_G: 2.1541	D(x): 0.6940	D(G(z)): 0.1578 / 0.1278
[19/100][50/177]	Loss_D: 0.7019	Loss_G: 3.0493	D(x): 0.8319	D(G(z)): 0.3837 / 0.0561
[19/100][100/177]	Loss_D: 0.8300	Loss_G: 1.7152	D(x): 0.5095	D(G(z)): 0.0608 / 0.2113
[19/100][150/177]	Loss_D: 0.6300	Loss_G: 1.7193	D(x): 0.6479	D(G(z)): 0.1345 / 0.1943
[20/100][0/177]	Loss_D: 0.6682	Loss_G: 2.4688	D(x): 0.8134	D(G(z)): 0.3263 / 0.0960
[20/100][50/177]	Loss_D: 0.6045	Loss_G: 3.6890	D(x): 0.8868	D(G(z)): 0.3581 / 0.0282
[20/100][100/177]	Loss_D: 0.5615	Loss_G: 3.0893	D(x): 0.8216	D(G(z)): 0.2730 / 0.0546
[20/100][150/177]	Loss_D: 0.7588	Loss_G: 4.0019	D(x): 0.8667	D(G(z)): 0.4338 / 0.0209
[21/100][0/177]	Loss_D: 0.6454	Loss_G: 2.4493	D(x): 0.8052	D(G(z)): 0.3277 / 0.0939
[21/100][50/177]	Loss_D: 0.6427	Loss_G: 2.9755	D(x): 0.8329	D(G(z)): 0.3465 / 0.0573
[21/100][100/177]	Loss_D: 0.6240	Loss_G: 1.4590	D(x): 0.6856	D(G(z)): 0.1659 / 0.2426
[21/100][150/177]	Loss_D: 0.9637	Loss_G: 1.8022	D(x): 0.4543	D(G(z)): 0.0558 / 0.2179
[22/100][0/177]	Loss_D: 0.7448	Loss_G: 1.1689	D(x): 0.5959	D(G(z)): 0.1464 / 0.3280
[22/100][50/177]	Loss_D: 0.8146	Loss_G: 1.6653	D(x): 0.6425	D(G(z)): 0.2647 / 0.2068
[22/100][100/177]	Loss_D: 0.5671	Loss_G: 2.0014	D(x): 0.6718	D(G(z)): 0.0987 / 0.1476
[22/100][150/177]	Loss_D: 0.6915	Loss_G: 2.0161	D(x): 0.6827	D(G(z)): 0.1953 / 0.1498
[23/100][0/177]	Loss_D: 0.7688	Loss_G: 1.4539	D(x): 0.6505	D(G(z)): 0.2381 / 0.2490
[23/100][50/177]	Loss_D: 0.5993	Loss_G: 2.4375	D(x): 0.7491	D(G(z)): 0.2379 / 0.1296
[23/100][100/177]	Loss_D: 0.6977	Loss_G: 2.6550	D(x): 0.7910	D(G(z)): 0.3324 / 0.0793
[23/100][150/177]	Loss_D: 0.8077	Loss_G: 1.6795	D(x): 0.5415	D(G(z)): 0.0964 / 0.1973
[24/100][0/177]	Loss_D: 0.6836	Loss_G: 1.5705	D(x): 0.6425	D(G(z)): 0.1603 / 0.2285
[24/100][50/177]	Loss_D: 0.5615	Loss_G: 2.7574	D(x): 0.7808	D(G(z)): 0.2444 / 0.0701
[24/100][100/177]	Loss_D: 0.7957	Loss_G: 1.9254	D(x): 0.7490	D(G(z)): 0.3702 / 0.1822
[24/100][150/177]	Loss_D: 0.7584	Loss_G: 2.9056	D(x): 0.8437	D(G(z)): 0.4203 / 0.0625
[25/100][0/177]	Loss_D: 0.7617	Loss_G: 3.2924	D(x): 0.8215	D(G(z)): 0.3991 / 0.0414
[25/100][50/177]	Loss_D: 0.5569	Loss_G: 2.1464	D(x): 0.7981	D(G(z)): 0.2484 / 0.1298
[25/100][100/177]	Loss_D: 0.3195	Loss_G: 2.9374	D(x): 0.8448	D(G(z)): 0.1264 / 0.0634
[25/100][150/177]	Loss_D: 0.6147	Loss_G: 3.5787	D(x): 0.8966	D(G(z)): 0.3564 / 0.0329
[26/100][0/177]	Loss_D: 0.4394	Loss_G: 2.4279	D(x): 0.7393	D(G(z)): 0.0958 / 0.1162
[26/100][50/177]	Loss_D: 0.3523	Loss_G: 3.4575	D(x): 0.8220	D(G(z)): 0.1218 / 0.0346
[26/100][100/177]	Loss_D: 0.9728	Loss_G: 3.7561	D(x): 0.9715	D(G(z)): 0.5806 / 0.0332
[26/100][150/177]	Loss_D: 0.6217	Loss_G: 1.8224	D(x): 0.7313	D(G(z)): 0.2252 / 0.1786
[27/100][0/177]	Loss_D: 0.9033	Loss_G: 1.2526	D(x): 0.5029	D(G(z)): 0.0728 / 0.3924
[27/100][50/177]	Loss_D: 0.3806	Loss_G: 2.6059	D(x): 0.7798	D(G(z)): 0.0947 / 0.0883
[27/100][100/177]	Loss_D: 0.3324	Loss_G: 3.6315	D(x): 0.9401	D(G(z)): 0.2313 / 0.0296
[27/100][150/177]	Loss_D: 0.5476	Loss_G: 1.6275	D(x): 0.7304	D(G(z)): 0.1755 / 0.2298
[28/100][0/177]	Loss_D: 0.6246	Loss_G: 2.5354	D(x): 0.7955	D(G(z)): 0.3043 / 0.0927
[28/100][50/177]	Loss_D: 0.6542	Loss_G: 2.3301	D(x): 0.7421	D(G(z)): 0.2672 / 0.1171
[28/100][100/177]	Loss_D: 0.9160	Loss_G: 2.6885	D(x): 0.9029	D(G(z)): 0.5210 / 0.0840
[28/100][150/177]	Loss_D: 0.6282	Loss_G: 3.5865	D(x): 0.9495	D(G(z)): 0.4169 / 0.0332
[29/100][0/177]	Loss_D: 0.7124	Loss_G: 1.5369	D(x): 0.6190	D(G(z)): 0.1029 / 0.2543
[29/100][50/177]	Loss_D: 0.7912	Loss_G: 3.1822	D(x): 0.8575	D(G(z)): 0.4385 / 0.0473
[29/100][100/177]	Loss_D: 0.7974	Loss_G: 2.3833	D(x): 0.7448	D(G(z)): 0.3655 / 0.1069
[29/100][150/177]	Loss_D: 0.7503	Loss_G: 2.4905	D(x): 0.6327	D(G(z)): 0.1810 / 0.0990
[30/100][0/177]	Loss_D: 0.6642	Loss_G: 2.0960	D(x): 0.7962	D(G(z)): 0.3307 / 0.1368
[30/100][50/177]	Loss_D: 0.9238	Loss_G: 0.9352	D(x): 0.4966	D(G(z)): 0.0904 / 0.4233
[30/100][100/177]	Loss_D: 1.0933	Loss_G: 3.7929	D(x): 0.9305	D(G(z)): 0.6203 / 0.0303
[30/100][150/177]	Loss_D: 0.7812	Loss_G: 2.2768	D(x): 0.7628	D(G(z)): 0.3697 / 0.1133
[31/100][0/177]	Loss_D: 0.6632	Loss_G: 1.3241	D(x): 0.6421	D(G(z)): 0.1556 / 0.2892
[31/100][50/177]	Loss_D: 0.8537	Loss_G: 2.3787	D(x): 0.7399	D(G(z)): 0.4001 / 0.1006
[31/100][100/177]	Loss_D: 0.8911	Loss_G: 2.3184	D(x): 0.7551	D(G(z)): 0.4276 / 0.1093
[31/100][150/177]	Loss_D: 0.7202	Loss_G: 2.4984	D(x): 0.8643	D(G(z)): 0.4107 / 0.0958
[32/100][0/177]	Loss_D: 0.6381	Loss_G: 2.0458	D(x): 0.6667	D(G(z)): 0.1625 / 0.1507
[32/100][50/177]	Loss_D: 0.8195	Loss_G: 1.8200	D(x): 0.6619	D(G(z)): 0.2695 / 0.1861
[32/100][100/177]	Loss_D: 0.6859	Loss_G: 2.1038	D(x): 0.6470	D(G(z)): 0.1781 / 0.1324
[32/100][150/177]	Loss_D: 0.7963	Loss_G: 1.3031	D(x): 0.6055	D(G(z)): 0.2003 / 0.2971
[33/100][0/177]	Loss_D: 0.7757	Loss_G: 3.4640	D(x): 0.8493	D(G(z)): 0.4394 / 0.0357
[33/100][50/177]	Loss_D: 1.0235	Loss_G: 3.1320	D(x): 0.8515	D(G(z)): 0.5593 / 0.0571
[33/100][100/177]	Loss_D: 0.6911	Loss_G: 1.9214	D(x): 0.7930	D(G(z)): 0.3402 / 0.1646
[33/100][150/177]	Loss_D: 0.7864	Loss_G: 1.7885	D(x): 0.6620	D(G(z)): 0.2504 / 0.1889
[34/100][0/177]	Loss_D: 1.0366	Loss_G: 3.0037	D(x): 0.8278	D(G(z)): 0.5492 / 0.0631
[34/100][50/177]	Loss_D: 0.7791	Loss_G: 2.0647	D(x): 0.6643	D(G(z)): 0.2651 / 0.1767
[34/100][100/177]	Loss_D: 0.8998	Loss_G: 1.4074	D(x): 0.5270	D(G(z)): 0.1535 / 0.2857
[34/100][150/177]	Loss_D: 0.9205	Loss_G: 2.2439	D(x): 0.6519	D(G(z)): 0.3473 / 0.1462
[35/100][0/177]	Loss_D: 1.0085	Loss_G: 3.1280	D(x): 0.8754	D(G(z)): 0.5594 / 0.0500
[35/100][50/177]	Loss_D: 0.8225	Loss_G: 1.0211	D(x): 0.5548	D(G(z)): 0.1298 / 0.3807
[35/100][100/177]	Loss_D: 0.8656	Loss_G: 2.6251	D(x): 0.7562	D(G(z)): 0.4139 / 0.0845
[35/100][150/177]	Loss_D: 0.7526	Loss_G: 1.3476	D(x): 0.6192	D(G(z)): 0.1965 / 0.2841
[36/100][0/177]	Loss_D: 1.3173	Loss_G: 2.9738	D(x): 0.9220	D(G(z)): 0.6911 / 0.0593
[36/100][50/177]	Loss_D: 0.8125	Loss_G: 1.4413	D(x): 0.5887	D(G(z)): 0.1728 / 0.2697
[36/100][100/177]	Loss_D: 0.9097	Loss_G: 3.2855	D(x): 0.9024	D(G(z)): 0.5228 / 0.0434
[36/100][150/177]	Loss_D: 0.9417	Loss_G: 1.7117	D(x): 0.4911	D(G(z)): 0.0787 / 0.2136
[37/100][0/177]	Loss_D: 0.7001	Loss_G: 2.4473	D(x): 0.8377	D(G(z)): 0.3880 / 0.0959
[37/100][50/177]	Loss_D: 0.6612	Loss_G: 1.4651	D(x): 0.6345	D(G(z)): 0.1424 / 0.2538
[37/100][100/177]	Loss_D: 0.8629	Loss_G: 1.7211	D(x): 0.5875	D(G(z)): 0.1840 / 0.2132
[37/100][150/177]	Loss_D: 1.2853	Loss_G: 3.7543	D(x): 0.8764	D(G(z)): 0.6574 / 0.0286
[38/100][0/177]	Loss_D: 0.8936	Loss_G: 1.5196	D(x): 0.4958	D(G(z)): 0.0889 / 0.2554
[38/100][50/177]	Loss_D: 1.0055	Loss_G: 3.5531	D(x): 0.8921	D(G(z)): 0.5667 / 0.0360
[38/100][100/177]	Loss_D: 0.7817	Loss_G: 1.7492	D(x): 0.5881	D(G(z)): 0.1432 / 0.1951
[38/100][150/177]	Loss_D: 1.0349	Loss_G: 3.6516	D(x): 0.9035	D(G(z)): 0.5671 / 0.0314
[39/100][0/177]	Loss_D: 0.7278	Loss_G: 3.5409	D(x): 0.9141	D(G(z)): 0.4517 / 0.0387
[39/100][50/177]	Loss_D: 0.6225	Loss_G: 1.8907	D(x): 0.7432	D(G(z)): 0.2227 / 0.1677
[39/100][100/177]	Loss_D: 0.5863	Loss_G: 1.9800	D(x): 0.7456	D(G(z)): 0.2194 / 0.1508
[39/100][150/177]	Loss_D: 0.8567	Loss_G: 2.6386	D(x): 0.8323	D(G(z)): 0.4574 / 0.0782
[40/100][0/177]	Loss_D: 0.5429	Loss_G: 1.9755	D(x): 0.8109	D(G(z)): 0.2598 / 0.1637
[40/100][50/177]	Loss_D: 1.0539	Loss_G: 2.4307	D(x): 0.7845	D(G(z)): 0.5229 / 0.0986
[40/100][100/177]	Loss_D: 0.8992	Loss_G: 1.4251	D(x): 0.5463	D(G(z)): 0.1182 / 0.2756
[40/100][150/177]	Loss_D: 0.6344	Loss_G: 1.7875	D(x): 0.7154	D(G(z)): 0.2294 / 0.1837
[41/100][0/177]	Loss_D: 0.7704	Loss_G: 2.4034	D(x): 0.8014	D(G(z)): 0.3946 / 0.1029
[41/100][50/177]	Loss_D: 1.4016	Loss_G: 4.0040	D(x): 0.9392	D(G(z)): 0.6993 / 0.0293
[41/100][100/177]	Loss_D: 0.7928	Loss_G: 0.9965	D(x): 0.5757	D(G(z)): 0.1316 / 0.3937
[41/100][150/177]	Loss_D: 0.6333	Loss_G: 1.8249	D(x): 0.6901	D(G(z)): 0.1756 / 0.1858
[42/100][0/177]	Loss_D: 0.8682	Loss_G: 3.1534	D(x): 0.9263	D(G(z)): 0.5260 / 0.0498
[42/100][50/177]	Loss_D: 0.6324	Loss_G: 2.2859	D(x): 0.8514	D(G(z)): 0.3602 / 0.1129
[42/100][100/177]	Loss_D: 0.8421	Loss_G: 0.7519	D(x): 0.5412	D(G(z)): 0.1293 / 0.5036
[42/100][150/177]	Loss_D: 0.8277	Loss_G: 3.2335	D(x): 0.8657	D(G(z)): 0.4763 / 0.0448
[43/100][0/177]	Loss_D: 0.7817	Loss_G: 1.3705	D(x): 0.6438	D(G(z)): 0.2395 / 0.2714
[43/100][50/177]	Loss_D: 0.6953	Loss_G: 1.8525	D(x): 0.7502	D(G(z)): 0.2973 / 0.1827
[43/100][100/177]	Loss_D: 0.6513	Loss_G: 1.9354	D(x): 0.7363	D(G(z)): 0.2404 / 0.1701
[43/100][150/177]	Loss_D: 0.8241	Loss_G: 2.5001	D(x): 0.8011	D(G(z)): 0.4194 / 0.0983
[44/100][0/177]	Loss_D: 0.7332	Loss_G: 2.1133	D(x): 0.7622	D(G(z)): 0.3425 / 0.1371
[44/100][50/177]	Loss_D: 0.8943	Loss_G: 2.1165	D(x): 0.8014	D(G(z)): 0.4579 / 0.1466
[44/100][100/177]	Loss_D: 0.8458	Loss_G: 1.1773	D(x): 0.5524	D(G(z)): 0.1438 / 0.3330
[44/100][150/177]	Loss_D: 0.7519	Loss_G: 2.0018	D(x): 0.7192	D(G(z)): 0.3072 / 0.1630
[45/100][0/177]	Loss_D: 1.2870	Loss_G: 1.6722	D(x): 0.4216	D(G(z)): 0.1257 / 0.2205
[45/100][50/177]	Loss_D: 0.8115	Loss_G: 2.0917	D(x): 0.6841	D(G(z)): 0.2958 / 0.1418
[45/100][100/177]	Loss_D: 0.8879	Loss_G: 2.0656	D(x): 0.7107	D(G(z)): 0.3743 / 0.1666
[45/100][150/177]	Loss_D: 1.3365	Loss_G: 1.0536	D(x): 0.3830	D(G(z)): 0.0611 / 0.4384
[46/100][0/177]	Loss_D: 1.2234	Loss_G: 0.6401	D(x): 0.3969	D(G(z)): 0.1097 / 0.5560
[46/100][50/177]	Loss_D: 0.9208	Loss_G: 1.3513	D(x): 0.6167	D(G(z)): 0.2964 / 0.2856
[46/100][100/177]	Loss_D: 0.5792	Loss_G: 2.2076	D(x): 0.7570	D(G(z)): 0.2318 / 0.1233
[46/100][150/177]	Loss_D: 0.7058	Loss_G: 1.8606	D(x): 0.6081	D(G(z)): 0.1257 / 0.1936
[47/100][0/177]	Loss_D: 0.7462	Loss_G: 1.8983	D(x): 0.6677	D(G(z)): 0.2427 / 0.1681
[47/100][50/177]	Loss_D: 0.5936	Loss_G: 2.5672	D(x): 0.8359	D(G(z)): 0.3179 / 0.0940
[47/100][100/177]	Loss_D: 1.1073	Loss_G: 0.5247	D(x): 0.4196	D(G(z)): 0.0991 / 0.6084
[47/100][150/177]	Loss_D: 0.7378	Loss_G: 2.0924	D(x): 0.7513	D(G(z)): 0.3234 / 0.1518
[48/100][0/177]	Loss_D: 0.9707	Loss_G: 2.8175	D(x): 0.8807	D(G(z)): 0.5387 / 0.0716
[48/100][50/177]	Loss_D: 0.8492	Loss_G: 1.9120	D(x): 0.6888	D(G(z)): 0.3278 / 0.1773
[48/100][100/177]	Loss_D: 0.7898	Loss_G: 1.4746	D(x): 0.5729	D(G(z)): 0.1459 / 0.2620
[48/100][150/177]	Loss_D: 1.1827	Loss_G: 0.9835	D(x): 0.3871	D(G(z)): 0.0640 / 0.4142
[49/100][0/177]	Loss_D: 0.7254	Loss_G: 1.7983	D(x): 0.6856	D(G(z)): 0.2535 / 0.1819
[49/100][50/177]	Loss_D: 0.6859	Loss_G: 1.9105	D(x): 0.6838	D(G(z)): 0.2253 / 0.1635
[49/100][100/177]	Loss_D: 0.7702	Loss_G: 1.8270	D(x): 0.6658	D(G(z)): 0.2602 / 0.1802
[49/100][150/177]	Loss_D: 0.7808	Loss_G: 2.1571	D(x): 0.8433	D(G(z)): 0.4274 / 0.1387
[50/100][0/177]	Loss_D: 0.9310	Loss_G: 2.0221	D(x): 0.5568	D(G(z)): 0.1821 / 0.1687
[50/100][50/177]	Loss_D: 1.3127	Loss_G: 4.1536	D(x): 0.9143	D(G(z)): 0.6776 / 0.0184
[50/100][100/177]	Loss_D: 0.9447	Loss_G: 2.6750	D(x): 0.8485	D(G(z)): 0.5034 / 0.0811
[50/100][150/177]	Loss_D: 0.5788	Loss_G: 2.7538	D(x): 0.8240	D(G(z)): 0.2992 / 0.0710
[51/100][0/177]	Loss_D: 1.2488	Loss_G: 1.0824	D(x): 0.3779	D(G(z)): 0.0680 / 0.3619
[51/100][50/177]	Loss_D: 1.3648	Loss_G: 0.6039	D(x): 0.3324	D(G(z)): 0.0527 / 0.5660
[51/100][100/177]	Loss_D: 0.8241	Loss_G: 2.0634	D(x): 0.6901	D(G(z)): 0.3174 / 0.1503
[51/100][150/177]	Loss_D: 0.5698	Loss_G: 2.2524	D(x): 0.7685	D(G(z)): 0.2361 / 0.1212
[52/100][0/177]	Loss_D: 0.5620	Loss_G: 1.8374	D(x): 0.7100	D(G(z)): 0.1702 / 0.1812
[52/100][50/177]	Loss_D: 0.7042	Loss_G: 1.6231	D(x): 0.6869	D(G(z)): 0.2462 / 0.2208
[52/100][100/177]	Loss_D: 1.1162	Loss_G: 1.2076	D(x): 0.4051	D(G(z)): 0.0758 / 0.3834
[52/100][150/177]	Loss_D: 0.6502	Loss_G: 1.9904	D(x): 0.7393	D(G(z)): 0.2685 / 0.1589
[53/100][0/177]	Loss_D: 0.5004	Loss_G: 2.5776	D(x): 0.7745	D(G(z)): 0.1918 / 0.0857
[53/100][50/177]	Loss_D: 0.7679	Loss_G: 3.1454	D(x): 0.8091	D(G(z)): 0.3989 / 0.0550
[53/100][100/177]	Loss_D: 1.2178	Loss_G: 0.9274	D(x): 0.3751	D(G(z)): 0.0614 / 0.4340
[53/100][150/177]	Loss_D: 0.8172	Loss_G: 3.2634	D(x): 0.8219	D(G(z)): 0.4384 / 0.0454
[54/100][0/177]	Loss_D: 0.8314	Loss_G: 2.1822	D(x): 0.7223	D(G(z)): 0.3607 / 0.1281
[54/100][50/177]	Loss_D: 0.8370	Loss_G: 1.6816	D(x): 0.5277	D(G(z)): 0.1033 / 0.2244
[54/100][100/177]	Loss_D: 0.5602	Loss_G: 1.9565	D(x): 0.7638	D(G(z)): 0.2246 / 0.1691
[54/100][150/177]	Loss_D: 1.4122	Loss_G: 0.7299	D(x): 0.3163	D(G(z)): 0.0582 / 0.5121
[55/100][0/177]	Loss_D: 0.8707	Loss_G: 1.3207	D(x): 0.6411	D(G(z)): 0.3107 / 0.2854
[55/100][50/177]	Loss_D: 0.8419	Loss_G: 1.1797	D(x): 0.6390	D(G(z)): 0.2720 / 0.3310
[55/100][100/177]	Loss_D: 1.0166	Loss_G: 1.1461	D(x): 0.4595	D(G(z)): 0.0867 / 0.3571
[55/100][150/177]	Loss_D: 0.8552	Loss_G: 1.0790	D(x): 0.5242	D(G(z)): 0.1171 / 0.3731
[56/100][0/177]	Loss_D: 0.9244	Loss_G: 2.0338	D(x): 0.7508	D(G(z)): 0.4283 / 0.1596
[56/100][50/177]	Loss_D: 0.8732	Loss_G: 1.6223	D(x): 0.5184	D(G(z)): 0.0897 / 0.2201
[56/100][100/177]	Loss_D: 0.6729	Loss_G: 2.0523	D(x): 0.7158	D(G(z)): 0.2425 / 0.1483
[56/100][150/177]	Loss_D: 0.8982	Loss_G: 1.0103	D(x): 0.4812	D(G(z)): 0.0695 / 0.3924
[57/100][0/177]	Loss_D: 0.5754	Loss_G: 2.5565	D(x): 0.7993	D(G(z)): 0.2768 / 0.0923
[57/100][50/177]	Loss_D: 0.7021	Loss_G: 1.7878	D(x): 0.6572	D(G(z)): 0.1826 / 0.1966
[57/100][100/177]	Loss_D: 0.9009	Loss_G: 1.4112	D(x): 0.5336	D(G(z)): 0.1576 / 0.2740
[57/100][150/177]	Loss_D: 0.8970	Loss_G: 1.6457	D(x): 0.6196	D(G(z)): 0.2335 / 0.2437
[58/100][0/177]	Loss_D: 1.0515	Loss_G: 1.0280	D(x): 0.4337	D(G(z)): 0.0722 / 0.3929
[58/100][50/177]	Loss_D: 0.5514	Loss_G: 1.8288	D(x): 0.7385	D(G(z)): 0.1766 / 0.1885
[58/100][100/177]	Loss_D: 0.9132	Loss_G: 0.9913	D(x): 0.5116	D(G(z)): 0.1277 / 0.4072
[58/100][150/177]	Loss_D: 0.7111	Loss_G: 1.3248	D(x): 0.6181	D(G(z)): 0.1464 / 0.2950
[59/100][0/177]	Loss_D: 0.6986	Loss_G: 2.4846	D(x): 0.7142	D(G(z)): 0.2630 / 0.1114
[59/100][50/177]	Loss_D: 0.5364	Loss_G: 1.9946	D(x): 0.7154	D(G(z)): 0.1431 / 0.1638
[59/100][100/177]	Loss_D: 0.6753	Loss_G: 2.5485	D(x): 0.7270	D(G(z)): 0.2692 / 0.0888
[59/100][150/177]	Loss_D: 0.7104	Loss_G: 1.7668	D(x): 0.6732	D(G(z)): 0.2156 / 0.1943
[60/100][0/177]	Loss_D: 0.9106	Loss_G: 2.9009	D(x): 0.8910	D(G(z)): 0.5231 / 0.0659
[60/100][50/177]	Loss_D: 0.7933	Loss_G: 1.5307	D(x): 0.6364	D(G(z)): 0.2130 / 0.2364
[60/100][100/177]	Loss_D: 0.8219	Loss_G: 1.1957	D(x): 0.5727	D(G(z)): 0.1513 / 0.3432
[60/100][150/177]	Loss_D: 2.1117	Loss_G: 4.7958	D(x): 0.9050	D(G(z)): 0.7997 / 0.0254
[61/100][0/177]	Loss_D: 0.7921	Loss_G: 2.1606	D(x): 0.7190	D(G(z)): 0.3254 / 0.1311
[61/100][50/177]	Loss_D: 0.8368	Loss_G: 2.4373	D(x): 0.7589	D(G(z)): 0.3871 / 0.0988
[61/100][100/177]	Loss_D: 0.8362	Loss_G: 2.0908	D(x): 0.5112	D(G(z)): 0.0544 / 0.1560
[61/100][150/177]	Loss_D: 0.5313	Loss_G: 2.0126	D(x): 0.8341	D(G(z)): 0.2708 / 0.1735
[62/100][0/177]	Loss_D: 0.6853	Loss_G: 1.6208	D(x): 0.7192	D(G(z)): 0.2634 / 0.2278
[62/100][50/177]	Loss_D: 0.6230	Loss_G: 1.8106	D(x): 0.6669	D(G(z)): 0.1507 / 0.1876
[62/100][100/177]	Loss_D: 0.7894	Loss_G: 3.1146	D(x): 0.8157	D(G(z)): 0.4168 / 0.0539
[62/100][150/177]	Loss_D: 0.6530	Loss_G: 2.2244	D(x): 0.7756	D(G(z)): 0.2797 / 0.1505
[63/100][0/177]	Loss_D: 0.7758	Loss_G: 1.0964	D(x): 0.5979	D(G(z)): 0.1602 / 0.3673
[63/100][50/177]	Loss_D: 0.7364	Loss_G: 1.7924	D(x): 0.5757	D(G(z)): 0.0774 / 0.2035
[63/100][100/177]	Loss_D: 0.4817	Loss_G: 2.2894	D(x): 0.7510	D(G(z)): 0.1516 / 0.1176
[63/100][150/177]	Loss_D: 0.7284	Loss_G: 1.5472	D(x): 0.6238	D(G(z)): 0.1682 / 0.2378
[64/100][0/177]	Loss_D: 0.7712	Loss_G: 1.1984	D(x): 0.5463	D(G(z)): 0.0886 / 0.3693
[64/100][50/177]	Loss_D: 1.1153	Loss_G: 0.6847	D(x): 0.4258	D(G(z)): 0.0984 / 0.5413
[64/100][100/177]	Loss_D: 1.3272	Loss_G: 0.9226	D(x): 0.3411	D(G(z)): 0.0408 / 0.4513
[64/100][150/177]	Loss_D: 0.7775	Loss_G: 3.2049	D(x): 0.8971	D(G(z)): 0.4614 / 0.0539
[65/100][0/177]	Loss_D: 0.5501	Loss_G: 2.3193	D(x): 0.7216	D(G(z)): 0.1677 / 0.1155
[65/100][50/177]	Loss_D: 0.9379	Loss_G: 0.6860	D(x): 0.5142	D(G(z)): 0.1540 / 0.5502
[65/100][100/177]	Loss_D: 1.1935	Loss_G: 3.1652	D(x): 0.8411	D(G(z)): 0.5250 / 0.0652
[65/100][150/177]	Loss_D: 0.5283	Loss_G: 2.0040	D(x): 0.6793	D(G(z)): 0.0877 / 0.1720
[66/100][0/177]	Loss_D: 0.7544	Loss_G: 2.1961	D(x): 0.7766	D(G(z)): 0.3589 / 0.1451
[66/100][50/177]	Loss_D: 0.8852	Loss_G: 1.3612	D(x): 0.5400	D(G(z)): 0.1261 / 0.3134
[66/100][100/177]	Loss_D: 1.4098	Loss_G: 1.0160	D(x): 0.3294	D(G(z)): 0.0357 / 0.3990
[66/100][150/177]	Loss_D: 1.3590	Loss_G: 4.1245	D(x): 0.9157	D(G(z)): 0.6861 / 0.0215
[67/100][0/177]	Loss_D: 0.9781	Loss_G: 0.9343	D(x): 0.4560	D(G(z)): 0.0754 / 0.4445
[67/100][50/177]	Loss_D: 0.9780	Loss_G: 1.3527	D(x): 0.4836	D(G(z)): 0.1115 / 0.2981
[67/100][100/177]	Loss_D: 0.9405	Loss_G: 1.5288	D(x): 0.5031	D(G(z)): 0.1068 / 0.2540
[67/100][150/177]	Loss_D: 0.8823	Loss_G: 1.4932	D(x): 0.6216	D(G(z)): 0.2263 / 0.2944
[68/100][0/177]	Loss_D: 0.9179	Loss_G: 1.2456	D(x): 0.4981	D(G(z)): 0.0956 / 0.3142
[68/100][50/177]	Loss_D: 0.6142	Loss_G: 2.8435	D(x): 0.8443	D(G(z)): 0.3365 / 0.0695
[68/100][100/177]	Loss_D: 0.7111	Loss_G: 3.3929	D(x): 0.8836	D(G(z)): 0.4166 / 0.0421
[68/100][150/177]	Loss_D: 1.1683	Loss_G: 0.9943	D(x): 0.4027	D(G(z)): 0.0841 / 0.4189
[69/100][0/177]	Loss_D: 0.7058	Loss_G: 2.1771	D(x): 0.7676	D(G(z)): 0.3071 / 0.1602
[69/100][50/177]	Loss_D: 0.7372	Loss_G: 1.7771	D(x): 0.7074	D(G(z)): 0.2762 / 0.1944
[69/100][100/177]	Loss_D: 0.5794	Loss_G: 1.9999	D(x): 0.7009	D(G(z)): 0.1555 / 0.1635
[69/100][150/177]	Loss_D: 0.6213	Loss_G: 3.2042	D(x): 0.8693	D(G(z)): 0.3562 / 0.0518
[70/100][0/177]	Loss_D: 1.0623	Loss_G: 1.0842	D(x): 0.4424	D(G(z)): 0.0557 / 0.3747
[70/100][50/177]	Loss_D: 0.6173	Loss_G: 2.1419	D(x): 0.6654	D(G(z)): 0.1306 / 0.1439
[70/100][100/177]	Loss_D: 0.6320	Loss_G: 1.8118	D(x): 0.6665	D(G(z)): 0.1507 / 0.1887
[70/100][150/177]	Loss_D: 1.2043	Loss_G: 3.4097	D(x): 0.9211	D(G(z)): 0.6445 / 0.0421
[71/100][0/177]	Loss_D: 0.6467	Loss_G: 2.6417	D(x): 0.8392	D(G(z)): 0.3407 / 0.1010
[71/100][50/177]	Loss_D: 0.9121	Loss_G: 0.7605	D(x): 0.5177	D(G(z)): 0.1233 / 0.5077
[71/100][100/177]	Loss_D: 0.4344	Loss_G: 2.3650	D(x): 0.8159	D(G(z)): 0.1780 / 0.1346
[71/100][150/177]	Loss_D: 1.2130	Loss_G: 1.6318	D(x): 0.3803	D(G(z)): 0.0236 / 0.2283
[72/100][0/177]	Loss_D: 0.4903	Loss_G: 1.9154	D(x): 0.7212	D(G(z)): 0.1192 / 0.1671
[72/100][50/177]	Loss_D: 0.6768	Loss_G: 1.7954	D(x): 0.7078	D(G(z)): 0.2334 / 0.1884
[72/100][100/177]	Loss_D: 0.8356	Loss_G: 1.3999	D(x): 0.5315	D(G(z)): 0.0822 / 0.2980
[72/100][150/177]	Loss_D: 0.9355	Loss_G: 2.2789	D(x): 0.5314	D(G(z)): 0.1214 / 0.1322
[73/100][0/177]	Loss_D: 0.6360	Loss_G: 3.0957	D(x): 0.8537	D(G(z)): 0.3542 / 0.0581
[73/100][50/177]	Loss_D: 0.6816	Loss_G: 3.0747	D(x): 0.8382	D(G(z)): 0.3578 / 0.0581
[73/100][100/177]	Loss_D: 0.6113	Loss_G: 1.6156	D(x): 0.6687	D(G(z)): 0.1282 / 0.2542
[73/100][150/177]	Loss_D: 0.5870	Loss_G: 1.9514	D(x): 0.6862	D(G(z)): 0.1465 / 0.1747
[74/100][0/177]	Loss_D: 0.6660	Loss_G: 3.1476	D(x): 0.9025	D(G(z)): 0.4050 / 0.0519
[74/100][50/177]	Loss_D: 0.8301	Loss_G: 1.4200	D(x): 0.5475	D(G(z)): 0.0864 / 0.2810
[74/100][100/177]	Loss_D: 0.7184	Loss_G: 3.2692	D(x): 0.8479	D(G(z)): 0.3773 / 0.0501
[74/100][150/177]	Loss_D: 0.6314	Loss_G: 2.9420	D(x): 0.8341	D(G(z)): 0.3354 / 0.0697
[75/100][0/177]	Loss_D: 0.5175	Loss_G: 2.5972	D(x): 0.7984	D(G(z)): 0.2190 / 0.0927
[75/100][50/177]	Loss_D: 0.4993	Loss_G: 2.6110	D(x): 0.7561	D(G(z)): 0.1603 / 0.0942
[75/100][100/177]	Loss_D: 0.6794	Loss_G: 1.3121	D(x): 0.5917	D(G(z)): 0.0698 / 0.3216
[75/100][150/177]	Loss_D: 0.6108	Loss_G: 1.9674	D(x): 0.6819	D(G(z)): 0.1629 / 0.1679
[76/100][0/177]	Loss_D: 0.6431	Loss_G: 1.7727	D(x): 0.6586	D(G(z)): 0.1334 / 0.2017
[76/100][50/177]	Loss_D: 0.5819	Loss_G: 2.1534	D(x): 0.7436	D(G(z)): 0.2185 / 0.1497
[76/100][100/177]	Loss_D: 0.5498	Loss_G: 2.7078	D(x): 0.8226	D(G(z)): 0.2619 / 0.0854
[76/100][150/177]	Loss_D: 0.8075	Loss_G: 3.2237	D(x): 0.9342	D(G(z)): 0.4950 / 0.0507
[77/100][0/177]	Loss_D: 0.5004	Loss_G: 2.0703	D(x): 0.7925	D(G(z)): 0.1975 / 0.1446
[77/100][50/177]	Loss_D: 0.5223	Loss_G: 2.0827	D(x): 0.7779	D(G(z)): 0.2062 / 0.1473
[77/100][100/177]	Loss_D: 0.7115	Loss_G: 2.8454	D(x): 0.8763	D(G(z)): 0.4150 / 0.0687
[77/100][150/177]	Loss_D: 1.1669	Loss_G: 0.7981	D(x): 0.4919	D(G(z)): 0.1855 / 0.5026
[78/100][0/177]	Loss_D: 0.5706	Loss_G: 2.4617	D(x): 0.8944	D(G(z)): 0.3493 / 0.1053
[78/100][50/177]	Loss_D: 0.9504	Loss_G: 1.3499	D(x): 0.4893	D(G(z)): 0.0813 / 0.2904
[78/100][100/177]	Loss_D: 0.6553	Loss_G: 1.7368	D(x): 0.6442	D(G(z)): 0.1300 / 0.2347
[78/100][150/177]	Loss_D: 0.5655	Loss_G: 1.7840	D(x): 0.6795	D(G(z)): 0.1133 / 0.2117
[79/100][0/177]	Loss_D: 0.5912	Loss_G: 2.2066	D(x): 0.7965	D(G(z)): 0.2708 / 0.1486
[79/100][50/177]	Loss_D: 0.7021	Loss_G: 2.9232	D(x): 0.8628	D(G(z)): 0.3760 / 0.0828
[79/100][100/177]	Loss_D: 0.6499	Loss_G: 3.5469	D(x): 0.8824	D(G(z)): 0.3767 / 0.0388
[79/100][150/177]	Loss_D: 1.2749	Loss_G: 1.1843	D(x): 0.3663	D(G(z)): 0.0225 / 0.3717
[80/100][0/177]	Loss_D: 0.3983	Loss_G: 2.4114	D(x): 0.9065	D(G(z)): 0.2417 / 0.1073
[80/100][50/177]	Loss_D: 0.5450	Loss_G: 2.1871	D(x): 0.7737	D(G(z)): 0.2097 / 0.1317
[80/100][100/177]	Loss_D: 0.5537	Loss_G: 2.8037	D(x): 0.8463	D(G(z)): 0.2944 / 0.0782
[80/100][150/177]	Loss_D: 0.5388	Loss_G: 1.8740	D(x): 0.7854	D(G(z)): 0.2050 / 0.1933
[81/100][0/177]	Loss_D: 0.9801	Loss_G: 4.3908	D(x): 0.8923	D(G(z)): 0.5345 / 0.0260
[81/100][50/177]	Loss_D: 0.8118	Loss_G: 4.0299	D(x): 0.9634	D(G(z)): 0.4756 / 0.0272
[81/100][100/177]	Loss_D: 0.4085	Loss_G: 1.9613	D(x): 0.7856	D(G(z)): 0.1223 / 0.1782
[81/100][150/177]	Loss_D: 0.6653	Loss_G: 2.0120	D(x): 0.6978	D(G(z)): 0.2137 / 0.1738
[82/100][0/177]	Loss_D: 0.7357	Loss_G: 3.6956	D(x): 0.8697	D(G(z)): 0.4108 / 0.0336
[82/100][50/177]	Loss_D: 1.0864	Loss_G: 1.1419	D(x): 0.4334	D(G(z)): 0.0764 / 0.3714
[82/100][100/177]	Loss_D: 0.5369	Loss_G: 2.6343	D(x): 0.7822	D(G(z)): 0.2150 / 0.0956
[82/100][150/177]	Loss_D: 0.7841	Loss_G: 4.4485	D(x): 0.9369	D(G(z)): 0.4739 / 0.0165
[83/100][0/177]	Loss_D: 0.5908	Loss_G: 1.3636	D(x): 0.7069	D(G(z)): 0.1645 / 0.2988
[83/100][50/177]	Loss_D: 0.4601	Loss_G: 2.2531	D(x): 0.8134	D(G(z)): 0.1961 / 0.1288
[83/100][100/177]	Loss_D: 0.4654	Loss_G: 1.9549	D(x): 0.7724	D(G(z)): 0.1630 / 0.1611
[83/100][150/177]	Loss_D: 0.5247	Loss_G: 2.7993	D(x): 0.8853	D(G(z)): 0.3004 / 0.0855
[84/100][0/177]	Loss_D: 1.1036	Loss_G: 3.5437	D(x): 0.9663	D(G(z)): 0.6080 / 0.0388
[84/100][50/177]	Loss_D: 0.5363	Loss_G: 2.4384	D(x): 0.8366	D(G(z)): 0.2668 / 0.1120
[84/100][100/177]	Loss_D: 0.7718	Loss_G: 1.1965	D(x): 0.5798	D(G(z)): 0.0614 / 0.3598
[84/100][150/177]	Loss_D: 0.4594	Loss_G: 3.4072	D(x): 0.8542	D(G(z)): 0.2332 / 0.0586
[85/100][0/177]	Loss_D: 0.9547	Loss_G: 0.4329	D(x): 0.4664	D(G(z)): 0.0420 / 0.6905
[85/100][50/177]	Loss_D: 0.8531	Loss_G: 2.8661	D(x): 0.9425	D(G(z)): 0.4927 / 0.0867
[85/100][100/177]	Loss_D: 0.8627	Loss_G: 1.5969	D(x): 0.5267	D(G(z)): 0.0482 / 0.2574
[85/100][150/177]	Loss_D: 0.6189	Loss_G: 2.2094	D(x): 0.8212	D(G(z)): 0.3110 / 0.1338
[86/100][0/177]	Loss_D: 0.6918	Loss_G: 1.6678	D(x): 0.6149	D(G(z)): 0.1202 / 0.2322
[86/100][50/177]	Loss_D: 0.5966	Loss_G: 2.7149	D(x): 0.8679	D(G(z)): 0.3293 / 0.0946
[86/100][100/177]	Loss_D: 0.6406	Loss_G: 2.9109	D(x): 0.8445	D(G(z)): 0.3433 / 0.0725
[86/100][150/177]	Loss_D: 0.4543	Loss_G: 1.9142	D(x): 0.7583	D(G(z)): 0.1261 / 0.1810
[87/100][0/177]	Loss_D: 0.5617	Loss_G: 2.0311	D(x): 0.7665	D(G(z)): 0.2121 / 0.1719
[87/100][50/177]	Loss_D: 0.8093	Loss_G: 2.8933	D(x): 0.8502	D(G(z)): 0.4236 / 0.0745
[87/100][100/177]	Loss_D: 0.7998	Loss_G: 3.5316	D(x): 0.8664	D(G(z)): 0.4358 / 0.0449
[87/100][150/177]	Loss_D: 0.8470	Loss_G: 1.5974	D(x): 0.6418	D(G(z)): 0.2736 / 0.2494
slurmstepd: error: *** JOB 180528 ON c4130-2 CANCELLED AT 2024-09-09T18:48:28 DUE TO TIME LIMIT ***
